Running: C:\Xilinx\14.5\ISE_DS\ISE\bin\nt64\unwrapped\fuse.exe -intstyle ise -incremental -lib secureip -o D:/video_controller/uCAMII/NEXSYS3/ISE/tb_UARTest1_isim_beh.exe -prj D:/video_controller/uCAMII/NEXSYS3/ISE/tb_UARTest1_beh.prj work.tb_UARTest1 
ISim P.58f (signature 0x7708f090)
Number of CPUs detected in this system: 8
Turning on mult-threading, number of parallel sub-compilation jobs: 16 
Determining compilation order of HDL files
Parsing VHDL file "D:/video_controller/uCAMII/NEXSYS3/ISE/../sourcesvhdl/UARTTransmitter.vhd" into library work
Parsing VHDL file "D:/video_controller/uCAMII/NEXSYS3/ISE/../sourcesvhdl/UARTReciever.vhd" into library work
Parsing VHDL file "D:/video_controller/uCAMII/NEXSYS3/ISE/../sourcesvhdl/UARTCtrl.vhd" into library work
Parsing VHDL file "D:/video_controller/uCAMII/NEXSYS3/ISE/../sourcesvhdl/led7seg.vhd" into library work
Parsing VHDL file "D:/video_controller/uCAMII/NEXSYS3/ISE/../sourcesvhdl/BaudRateGenerator.vhd" into library work
Parsing VHDL file "D:/video_controller/uCAMII/NEXSYS3/ISE/../sourcesvhdl/UARTest1.vhd" into library work
Parsing VHDL file "D:/video_controller/uCAMII/NEXSYS3/ISE/../sourcesvhdl/tb_uart.vhd" into library work
Starting static elaboration
Completed static elaboration
Compiling package standard
Compiling package std_logic_1164
Compiling package std_logic_arith
Compiling package std_logic_unsigned
Compiling architecture behavioral of entity UARTReciever [uartreciever_default]
Compiling architecture behavioral of entity UARTTransmitter [uarttransmitter_default]
Compiling architecture behavioral of entity BaudRateGenerator [baudrategenerator_default]
Compiling architecture behavioral of entity UARTCtrl [uartctrl_default]
Compiling architecture beh1 of entity LED7SEG [\LED7SEG(100000)\]
Compiling architecture behavioral of entity UARTest1 [uartest1_default]
Compiling architecture behavior of entity tb_uartest1
Time Resolution for simulation is 1ps.
Waiting for 1 sub-compilation(s) to finish...
Compiled 17 VHDL Units
Built simulation executable D:/video_controller/uCAMII/NEXSYS3/ISE/tb_UARTest1_isim_beh.exe
Fuse Memory Usage: 34572 KB
Fuse CPU Usage: 436 ms
